C:\REZSTRAFES\REZSTRAFE-CPP-V6.0\SRC\REZSTRAFE-CPP\DEBUG\OPTIONS.OBJ
C:\REZSTRAFES\REZSTRAFE-CPP-V6.0\SRC\REZSTRAFE-CPP\DEBUG\MAIN.OBJ
C:\REZSTRAFES\REZSTRAFE-CPP-V6.0\SRC\REZSTRAFE-CPP\DEBUG\VC110.PDB
C:\REZSTRAFES\REZSTRAFE-CPP-V6.0\SRC\DEBUG\REZSTRAFE-CPP.ILK
C:\REZSTRAFES\REZSTRAFE-CPP-V6.0\SRC\DEBUG\REZSTRAFE-CPP.EXE
C:\REZSTRAFES\REZSTRAFE-CPP-V6.0\SRC\DEBUG\REZSTRAFE-CPP.PDB
C:\REZSTRAFES\REZSTRAFE-CPP-V6.0\SRC\REZSTRAFE-CPP\DEBUG\RESOURCE.RES
C:\rezstrafes\RezStrafe-cpp-v6.0\src\RezStrafe-cpp\Debug\RezStrafecpp.main.resources
C:\rezstrafes\RezStrafe-cpp-v6.0\src\RezStrafe-cpp\Debug\RezStrafecpp.options.resources
C:\rezstrafes\RezStrafe-cpp-v6.0\src\RezStrafe-cpp\Debug\RezStrafe-cpp.vcxproj.GenerateResource.Cache
C:\rezstrafes\RezStrafe-cpp-v6.0\src\RezStrafe-cpp\Debug\main.obj
C:\rezstrafes\RezStrafe-cpp-v6.0\src\RezStrafe-cpp\Debug\options.obj
C:\rezstrafes\RezStrafe-cpp-v6.0\src\RezStrafe-cpp\Debug\cl.command.1.tlog
C:\rezstrafes\RezStrafe-cpp-v6.0\src\RezStrafe-cpp\Debug\CL.read.1.tlog
C:\rezstrafes\RezStrafe-cpp-v6.0\src\RezStrafe-cpp\Debug\CL.write.1.tlog
C:\rezstrafes\RezStrafe-cpp-v6.0\src\RezStrafe-cpp\Debug\link.4708-cvtres.read.1.tlog
C:\rezstrafes\RezStrafe-cpp-v6.0\src\RezStrafe-cpp\Debug\link.4708-cvtres.write.1.tlog
C:\rezstrafes\RezStrafe-cpp-v6.0\src\RezStrafe-cpp\Debug\link.4708-rc.read.1.tlog
C:\rezstrafes\RezStrafe-cpp-v6.0\src\RezStrafe-cpp\Debug\link.4708-rc.write.1.tlog
C:\rezstrafes\RezStrafe-cpp-v6.0\src\RezStrafe-cpp\Debug\link.4708.read.1.tlog
C:\rezstrafes\RezStrafe-cpp-v6.0\src\RezStrafe-cpp\Debug\link.4708.write.1.tlog
C:\rezstrafes\RezStrafe-cpp-v6.0\src\RezStrafe-cpp\Debug\link.command.1.tlog
C:\rezstrafes\RezStrafe-cpp-v6.0\src\RezStrafe-cpp\Debug\link.read.1.tlog
C:\rezstrafes\RezStrafe-cpp-v6.0\src\RezStrafe-cpp\Debug\link.write.1.tlog
C:\rezstrafes\RezStrafe-cpp-v6.0\src\RezStrafe-cpp\Debug\metagen.read.1.tlog
C:\rezstrafes\RezStrafe-cpp-v6.0\src\RezStrafe-cpp\Debug\metagen.write.1.tlog
C:\rezstrafes\RezStrafe-cpp-v6.0\src\RezStrafe-cpp\Debug\rc.command.1.tlog
C:\rezstrafes\RezStrafe-cpp-v6.0\src\RezStrafe-cpp\Debug\rc.read.1.tlog
C:\rezstrafes\RezStrafe-cpp-v6.0\src\RezStrafe-cpp\Debug\rc.write.1.tlog
C:\rezstrafes\RezStrafe-cpp-v6.0\src\RezStrafe-cpp\Debug\RezStrafe-cpp.write.1.tlog
C:\rezstrafes\RezStrafe-cpp-v6.0\src\RezStrafe-cpp\Debug\Resource.res
C:\rezstrafes\RezStrafe-cpp-v6.0\src\RezStrafe-cpp\Debug\vc110.pdb
C:\rezstrafes\RezStrafe-cpp-v6.0\src\Debug\RezStrafe-cpp.pdb
C:\rezstrafes\RezStrafe-cpp-v6.0\src\Debug\RezStrafe-cpp.exe
C:\rezstrafes\RezStrafe-cpp-v6.0\src\Debug\RezStrafe-cpp.ilk
